<?xml version="1.0" encoding="UTF-8"?>
<!-- Generated by org.testng.reporters.JUnitXMLReporter -->
<testsuite ignored="0" hostname="DESKTOP-K3H4QN1" failures="1" tests="1" name="Test1" time="201.598" errors="0" timestamp="2022-06-10T15:57:26 IST">
  <testcase classname="helloworld.Usingframework" name="framework" time="19.673">
    <failure type="java.lang.AssertionError" message="expected [Amazon.com : toys] but found [www.amazon.com]">
      <![CDATA[java.lang.AssertionError: expected [Amazon.com : toys] but found [www.amazon.com]
at helloworld.Usingframework.framework(Usingframework.java:22)
at java.base/java.util.ArrayList.forEach(ArrayList.java:1511)
... Removed 33 stack frames]]>
    </failure>
  </testcase> <!-- framework -->
</testsuite> <!-- Test1 -->
