<?xml version="1.0" encoding="UTF-8"?>
<!-- Generated by org.testng.reporters.JUnitReportReporter -->
<testsuite hostname="LAPTOP-FJFDJBKU" failures="0" tests="1" name="com.crm.amdoc.day2.Assignment2Test" time="12.755" errors="0" timestamp="2022-06-11T22:41:38 IST" skipped="0">
  <testcase classname="com.crm.amdoc.day2.Assignment2Test" name="priceSort" time="12.755"/>
  <system-out>
    <![CDATA[SC Mart Clay Slime DIY Crystal Transparent Magic Mud Play Plasticine Kid Toys Educational Toys to Cultivate Children's DIY…]]>
  </system-out>
</testsuite> <!-- com.crm.amdoc.day2.Assignment2Test -->
